TN:
SF:src/OmniNFT.sol
FN:15,OmniNFT.safeMint
FNDA:0,OmniNFT.safeMint
DA:17,0
FN:20,OmniNFT.burn
FNDA:0,OmniNFT.burn
DA:21,0
BRDA:21,0,0,-
BRDA:21,0,1,-
DA:24,0
FNF:2
FNH:0
LF:3
LH:0
BRF:2
BRH:0
end_of_record
TN:
SF:src/OmniNFTMinter.sol
FN:138,OmniNFTMinter.initializeNftTypes
FNDA:1,OmniNFTMinter.initializeNftTypes
DA:139,1
DA:140,1
DA:141,3
DA:148,3
FN:158,OmniNFTMinter.initializeSales
FNDA:0,OmniNFTMinter.initializeSales
DA:159,0
DA:160,0
DA:161,0
DA:162,0
DA:165,0
DA:166,0
FN:186,OmniNFTMinter.addSale
FNDA:8,OmniNFTMinter.addSale
DA:195,7
DA:198,7
BRDA:198,0,0,1
BRDA:198,0,1,6
DA:199,6
BRDA:199,1,0,1
BRDA:199,1,1,5
DA:200,5
BRDA:200,2,0,1
BRDA:200,2,1,4
DA:201,4
BRDA:201,3,0,1
BRDA:201,3,1,3
DA:202,3
BRDA:202,4,0,1
BRDA:202,4,1,2
DA:203,2
BRDA:203,5,0,1
BRDA:203,5,1,1
DA:205,1
DA:207,1
FN:217,OmniNFTMinter.editSale
FNDA:9,OmniNFTMinter.editSale
DA:224,6
DA:227,6
BRDA:227,6,0,1
BRDA:227,6,1,5
DA:228,5
BRDA:228,7,0,1
BRDA:228,7,1,4
DA:229,4
BRDA:229,8,0,1
BRDA:229,8,1,3
DA:230,3
BRDA:230,9,0,1
BRDA:230,9,1,2
DA:232,2
DA:233,2
DA:235,2
FN:242,OmniNFTMinter.removeSale
FNDA:4,OmniNFTMinter.removeSale
DA:243,1
DA:245,1
FN:248,OmniNFTMinter._insert
FNDA:3,OmniNFTMinter._insert
DA:257,3
DA:258,3
DA:260,3
BRDA:260,10,0,2
BRDA:260,10,1,3
DA:263,2
DA:266,3
BRDA:266,11,0,-
BRDA:266,11,1,3
DA:268,0
DA:269,0
DA:270,3
BRDA:270,12,0,-
BRDA:270,12,1,3
DA:272,0
DA:273,0
DA:274,0
DA:275,3
BRDA:275,13,0,2
BRDA:275,13,1,1
DA:277,2
DA:278,2
DA:279,2
DA:282,1
DA:283,1
DA:284,1
DA:285,1
DA:288,3
DA:290,3
DA:291,3
DA:292,3
FN:295,OmniNFTMinter._remove
FNDA:3,OmniNFTMinter._remove
DA:296,3
BRDA:296,14,0,1
BRDA:296,14,1,2
DA:298,3
BRDA:298,15,0,-
BRDA:298,15,1,3
DA:301,0
DA:303,0
DA:304,3
BRDA:304,16,0,1
BRDA:304,16,1,2
DA:307,1
DA:309,1
DA:313,2
DA:315,2
DA:320,0
DA:321,0
DA:324,3
DA:325,3
FN:333,OmniNFTMinter._descendList
FNDA:2,OmniNFTMinter._descendList
DA:335,2
BRDA:335,17,0,-
BRDA:335,17,1,2
DA:336,0
DA:339,2
DA:340,2
DA:343,3
DA:344,1
DA:345,1
DA:348,2
FN:356,OmniNFTMinter._ascendList
FNDA:0,OmniNFTMinter._ascendList
DA:358,0
BRDA:358,18,0,-
BRDA:358,18,1,-
DA:359,0
DA:362,0
DA:363,0
DA:366,0
DA:367,0
DA:368,0
DA:371,0
FN:380,OmniNFTMinter._validInsertPosition
FNDA:6,OmniNFTMinter._validInsertPosition
DA:381,6
BRDA:381,19,0,-
BRDA:381,19,1,6
DA:383,0
DA:384,6
BRDA:384,20,0,-
BRDA:384,20,1,-
DA:386,0
DA:387,6
BRDA:387,21,0,2
BRDA:387,21,1,2
DA:389,2
DA:392,4
FN:404,OmniNFTMinter._findInsertPosition
FNDA:2,OmniNFTMinter._findInsertPosition
DA:405,2
DA:406,2
DA:408,2
BRDA:408,22,0,2
BRDA:408,22,1,2
DA:409,2
BRDA:409,23,0,2
BRDA:409,23,1,2
DA:411,2
DA:415,2
BRDA:415,24,0,2
BRDA:415,24,1,2
DA:416,2
BRDA:416,25,0,2
BRDA:416,25,1,2
DA:418,2
DA:422,2
BRDA:422,26,0,2
BRDA:422,26,1,-
DA:424,2
DA:425,0
BRDA:425,27,0,-
BRDA:425,27,1,-
DA:427,0
DA:428,0
BRDA:428,28,0,-
BRDA:428,28,1,-
DA:430,0
DA:433,0
FN:441,OmniNFTMinter.contains
FNDA:0,OmniNFTMinter.contains
DA:442,4
FN:449,OmniNFTMinter.checkSaleStatus
FNDA:48,OmniNFTMinter.checkSaleStatus
DA:450,48
BRDA:450,29,0,-
BRDA:450,29,1,48
DA:451,0
DA:452,0
DA:454,48
BRDA:454,30,0,20
BRDA:454,30,1,28
DA:455,20
DA:458,28
FN:465,OmniNFTMinter.checkSales
FNDA:13,OmniNFTMinter.checkSales
DA:466,13
BRDA:466,31,0,26
BRDA:466,31,1,13
DA:467,13
DA:468,26
BRDA:468,32,0,26
BRDA:468,32,1,13
DA:469,26
FN:481,OmniNFTMinter.checkInitialDates
FNDA:7,OmniNFTMinter.checkInitialDates
DA:482,7
DA:483,27
BRDA:483,33,0,2
BRDA:483,33,1,25
DA:484,2
DA:487,5
FN:499,OmniNFTMinter.mint
FNDA:0,OmniNFTMinter.mint
DA:501,0
DA:504,0
BRDA:504,34,0,-
BRDA:504,34,1,-
DA:506,0
DA:507,0
DA:508,0
BRDA:508,35,0,-
BRDA:508,35,1,-
DA:512,0
BRDA:512,36,0,-
BRDA:512,36,1,-
DA:515,0
DA:516,0
BRDA:516,37,0,-
BRDA:516,37,1,-
DA:519,0
BRDA:519,38,0,-
BRDA:519,38,1,-
DA:522,0
DA:523,0
DA:524,0
DA:527,0
BRDA:527,39,0,-
BRDA:527,39,1,-
DA:528,0
DA:529,0
BRDA:529,40,0,-
BRDA:529,40,1,-
FNF:16
FNH:12
LF:133
LH:85
BRF:82
BRH:53
end_of_record
TN:
SF:test/OmniNFTMinter.t.sol
FN:21,OmniNFTMinterStub.setNftTypes
FNDA:1,OmniNFTMinterStub.setNftTypes
DA:22,1
FN:25,OmniNFTMinterStub.setSales
FNDA:0,OmniNFTMinterStub.setSales
DA:26,0
FN:29,OmniNFTMinterStub.getNft
FNDA:0,OmniNFTMinterStub.getNft
DA:30,0
FN:33,OmniNFTMinterStub.getNftTypes
FNDA:9,OmniNFTMinterStub.getNftTypes
DA:34,9
FN:37,OmniNFTMinterStub.getOngoingSaleId
FNDA:0,OmniNFTMinterStub.getOngoingSaleId
DA:38,0
FN:41,OmniNFTMinterStub.getMintedBySale
FNDA:0,OmniNFTMinterStub.getMintedBySale
DA:42,0
FN:45,OmniNFTMinterStub.getSalesDataFirst
FNDA:4,OmniNFTMinterStub.getSalesDataFirst
DA:46,4
FN:49,OmniNFTMinterStub.getSalesDataLast
FNDA:4,OmniNFTMinterStub.getSalesDataLast
DA:50,4
FN:53,OmniNFTMinterStub.getSalesDataSize
FNDA:4,OmniNFTMinterStub.getSalesDataSize
DA:54,4
FN:57,OmniNFTMinterStub.getSalesDataSale
FNDA:26,OmniNFTMinterStub.getSalesDataSale
DA:58,26
FNF:10
FNH:6
LF:10
LH:6
BRF:0
BRH:0
end_of_record
